INFO:root:MutateX logging started.
INFO:root:Running on Python 3.12.9, the interpreter is /home/ctools/protein_structure_course/bin/python3
WARNING:root:No rotabase.txt file specified or rotabase file not found - it will be generated by FoldX
INFO:root:FoldX version suite5 will be used
/home/ctools/protein_structure_course/lib/python3.12/site-packages/Bio/PDB/PDBParser.py:388: PDBConstructionWarning: Ignoring unrecognized record 'END' at line 4349
  warnings.warn(
INFO:root:checking models in pdb file
INFO:root:File mutation_list.txt will be used as mutation list
INFO:root:mutation list is: G, A, V, L, I, M, F, W, P, S, T, C, Y, N, Q, D, E, K, R, H
INFO:root:starting phase 1: structure check and generation of required PDB files
INFO:root:working directory will be: /net/pupil2/home/projects/22117_proteins_2025/projects/Group9_project/Jess3/C506
INFO:root:starting phase 2: REPAIR
INFO:root:working dir: /net/pupil2/home/projects/22117_proteins_2025/projects/Group9_project/Jess3/C506/repair
INFO:root:Preparing for repair run repair_5P9I_No_model0_checked
INFO:root:Running repair runs
INFO:root:starting FoldX run repair_5P9I_No_model0_checked
INFO:root:now running: repair_5P9I_No_model0_checked
INFO:root:command is /home/ctools/foldx/foldx -f runfile.txt
INFO:root:run repair_5P9I_No_model0_checked has completed successfully
INFO:root:Processing output ...
INFO:root:list of PDBs to be used: /net/pupil2/home/projects/22117_proteins_2025/projects/Group9_project/Jess3/C506/repair/repair_5P9I_No_model0_checked/5P9I_No_model0_checked_Repair.pdb
INFO:root:Working directory is: /net/pupil2/home/projects/22117_proteins_2025/projects/Group9_project/Jess3/C506/mutations
INFO:root:Positions will be read from file
INFO:root:The following residue groups will be considered: (CA506) 
INFO:root:Preparing for mutation run CA506
INFO:root:Running mutate runs
INFO:root:starting FoldX run CA506
INFO:root:now running: CA506
INFO:root:command is /home/ctools/foldx/foldx -f runfile.txt
INFO:root:run CA506 has completed successfully
INFO:root:Processing output ...
INFO:root:Cleaning working directory /net/pupil2/home/projects/22117_proteins_2025/projects/Group9_project/Jess3/C506/mutations/5P9I_No_model0_checked_Repair/CA506
INFO:root:removing /net/pupil2/home/projects/22117_proteins_2025/projects/Group9_project/Jess3/C506/mutations/5P9I_No_model0_checked_Repair/CA506/WT_5P9I_No_model0_checked_Repair_8_0.pdb
INFO:root:removing /net/pupil2/home/projects/22117_proteins_2025/projects/Group9_project/Jess3/C506/mutations/5P9I_No_model0_checked_Repair/CA506/WT_5P9I_No_model0_checked_Repair_2_1.pdb
INFO:root:removing /net/pupil2/home/projects/22117_proteins_2025/projects/Group9_project/Jess3/C506/mutations/5P9I_No_model0_checked_Repair/CA506/5P9I_No_model0_checked_Repair_13_3.pdb
INFO:root:removing /net/pupil2/home/projects/22117_proteins_2025/projects/Group9_project/Jess3/C506/mutations/5P9I_No_model0_checked_Repair/CA506/5P9I_No_model0_checked_Repair_20_1.pdb
INFO:root:removing /net/pupil2/home/projects/22117_proteins_2025/projects/Group9_project/Jess3/C506/mutations/5P9I_No_model0_checked_Repair/CA506/5P9I_No_model0_checked_Repair_6_2.pdb
INFO:root:removing /net/pupil2/home/projects/22117_proteins_2025/projects/Group9_project/Jess3/C506/mutations/5P9I_No_model0_checked_Repair/CA506/WT_5P9I_No_model0_checked_Repair_7_0.pdb
INFO:root:removing /net/pupil2/home/projects/22117_proteins_2025/projects/Group9_project/Jess3/C506/mutations/5P9I_No_model0_checked_Repair/CA506/5P9I_No_model0_checked_Repair_10_1.pdb
INFO:root:removing /net/pupil2/home/projects/22117_proteins_2025/projects/Group9_project/Jess3/C506/mutations/5P9I_No_model0_checked_Repair/CA506/5P9I_No_model0_checked_Repair_4_1.pdb
INFO:root:removing /net/pupil2/home/projects/22117_proteins_2025/projects/Group9_project/Jess3/C506/mutations/5P9I_No_model0_checked_Repair/CA506/5P9I_No_model0_checked_Repair_7_2.pdb
INFO:root:removing /net/pupil2/home/projects/22117_proteins_2025/projects/Group9_project/Jess3/C506/mutations/5P9I_No_model0_checked_Repair/CA506/5P9I_No_model0_checked_Repair_18_0.pdb
INFO:root:removing /net/pupil2/home/projects/22117_proteins_2025/projects/Group9_project/Jess3/C506/mutations/5P9I_No_model0_checked_Repair/CA506/5P9I_No_model0_checked_Repair_20_2.pdb
INFO:root:removing /net/pupil2/home/projects/22117_proteins_2025/projects/Group9_project/Jess3/C506/mutations/5P9I_No_model0_checked_Repair/CA506/5P9I_No_model0_checked_Repair_4_0.pdb
INFO:root:removing /net/pupil2/home/projects/22117_proteins_2025/projects/Group9_project/Jess3/C506/mutations/5P9I_No_model0_checked_Repair/CA506/WT_5P9I_No_model0_checked_Repair_19_1.pdb
INFO:root:removing /net/pupil2/home/projects/22117_proteins_2025/projects/Group9_project/Jess3/C506/mutations/5P9I_No_model0_checked_Repair/CA506/5P9I_No_model0_checked_Repair_18_1.pdb
INFO:root:removing /net/pupil2/home/projects/22117_proteins_2025/projects/Group9_project/Jess3/C506/mutations/5P9I_No_model0_checked_Repair/CA506/WT_5P9I_No_model0_checked_Repair_13_1.pdb
INFO:root:removing /net/pupil2/home/projects/22117_proteins_2025/projects/Group9_project/Jess3/C506/mutations/5P9I_No_model0_checked_Repair/CA506/WT_5P9I_No_model0_checked_Repair_18_2.pdb
INFO:root:removing /net/pupil2/home/projects/22117_proteins_2025/projects/Group9_project/Jess3/C506/mutations/5P9I_No_model0_checked_Repair/CA506/WT_5P9I_No_model0_checked_Repair_17_1.pdb
INFO:root:removing /net/pupil2/home/projects/22117_proteins_2025/projects/Group9_project/Jess3/C506/mutations/5P9I_No_model0_checked_Repair/CA506/5P9I_No_model0_checked_Repair_16_2.pdb
INFO:root:removing /net/pupil2/home/projects/22117_proteins_2025/projects/Group9_project/Jess3/C506/mutations/5P9I_No_model0_checked_Repair/CA506/WT_5P9I_No_model0_checked_Repair_4_3.pdb
INFO:root:removing /net/pupil2/home/projects/22117_proteins_2025/projects/Group9_project/Jess3/C506/mutations/5P9I_No_model0_checked_Repair/CA506/5P9I_No_model0_checked_Repair_4_4.pdb
INFO:root:removing /net/pupil2/home/projects/22117_proteins_2025/projects/Group9_project/Jess3/C506/mutations/5P9I_No_model0_checked_Repair/CA506/WT_5P9I_No_model0_checked_Repair_10_1.pdb
INFO:root:removing /net/pupil2/home/projects/22117_proteins_2025/projects/Group9_project/Jess3/C506/mutations/5P9I_No_model0_checked_Repair/CA506/5P9I_No_model0_checked_Repair_18_4.pdb
INFO:root:removing /net/pupil2/home/projects/22117_proteins_2025/projects/Group9_project/Jess3/C506/mutations/5P9I_No_model0_checked_Repair/CA506/5P9I_No_model0_checked_Repair_7_0.pdb
INFO:root:removing /net/pupil2/home/projects/22117_proteins_2025/projects/Group9_project/Jess3/C506/mutations/5P9I_No_model0_checked_Repair/CA506/5P9I_No_model0_checked_Repair_3_1.pdb
INFO:root:removing /net/pupil2/home/projects/22117_proteins_2025/projects/Group9_project/Jess3/C506/mutations/5P9I_No_model0_checked_Repair/CA506/WT_5P9I_No_model0_checked_Repair_17_3.pdb
INFO:root:removing /net/pupil2/home/projects/22117_proteins_2025/projects/Group9_project/Jess3/C506/mutations/5P9I_No_model0_checked_Repair/CA506/WT_5P9I_No_model0_checked_Repair_5_4.pdb
INFO:root:removing /net/pupil2/home/projects/22117_proteins_2025/projects/Group9_project/Jess3/C506/mutations/5P9I_No_model0_checked_Repair/CA506/5P9I_No_model0_checked_Repair_12_2.pdb
INFO:root:removing /net/pupil2/home/projects/22117_proteins_2025/projects/Group9_project/Jess3/C506/mutations/5P9I_No_model0_checked_Repair/CA506/WT_5P9I_No_model0_checked_Repair_20_3.pdb
INFO:root:removing /net/pupil2/home/projects/22117_proteins_2025/projects/Group9_project/Jess3/C506/mutations/5P9I_No_model0_checked_Repair/CA506/5P9I_No_model0_checked_Repair_5_4.pdb
INFO:root:removing /net/pupil2/home/projects/22117_proteins_2025/projects/Group9_project/Jess3/C506/mutations/5P9I_No_model0_checked_Repair/CA506/5P9I_No_model0_checked_Repair_2_0.pdb
INFO:root:removing /net/pupil2/home/projects/22117_proteins_2025/projects/Group9_project/Jess3/C506/mutations/5P9I_No_model0_checked_Repair/CA506/WT_5P9I_No_model0_checked_Repair_1_0.pdb
INFO:root:removing /net/pupil2/home/projects/22117_proteins_2025/projects/Group9_project/Jess3/C506/mutations/5P9I_No_model0_checked_Repair/CA506/WT_5P9I_No_model0_checked_Repair_3_3.pdb
INFO:root:removing /net/pupil2/home/projects/22117_proteins_2025/projects/Group9_project/Jess3/C506/mutations/5P9I_No_model0_checked_Repair/CA506/5P9I_No_model0_checked_Repair_15_0.pdb
INFO:root:removing /net/pupil2/home/projects/22117_proteins_2025/projects/Group9_project/Jess3/C506/mutations/5P9I_No_model0_checked_Repair/CA506/WT_5P9I_No_model0_checked_Repair_16_3.pdb
INFO:root:removing /net/pupil2/home/projects/22117_proteins_2025/projects/Group9_project/Jess3/C506/mutations/5P9I_No_model0_checked_Repair/CA506/WT_5P9I_No_model0_checked_Repair_12_2.pdb
INFO:root:removing /net/pupil2/home/projects/22117_proteins_2025/projects/Group9_project/Jess3/C506/mutations/5P9I_No_model0_checked_Repair/CA506/5P9I_No_model0_checked_Repair_18_3.pdb
INFO:root:removing /net/pupil2/home/projects/22117_proteins_2025/projects/Group9_project/Jess3/C506/mutations/5P9I_No_model0_checked_Repair/CA506/WT_5P9I_No_model0_checked_Repair_3_0.pdb
INFO:root:removing /net/pupil2/home/projects/22117_proteins_2025/projects/Group9_project/Jess3/C506/mutations/5P9I_No_model0_checked_Repair/CA506/5P9I_No_model0_checked_Repair_17_2.pdb
INFO:root:removing /net/pupil2/home/projects/22117_proteins_2025/projects/Group9_project/Jess3/C506/mutations/5P9I_No_model0_checked_Repair/CA506/WT_5P9I_No_model0_checked_Repair_10_3.pdb
INFO:root:removing /net/pupil2/home/projects/22117_proteins_2025/projects/Group9_project/Jess3/C506/mutations/5P9I_No_model0_checked_Repair/CA506/WT_5P9I_No_model0_checked_Repair_7_1.pdb
INFO:root:removing /net/pupil2/home/projects/22117_proteins_2025/projects/Group9_project/Jess3/C506/mutations/5P9I_No_model0_checked_Repair/CA506/WT_5P9I_No_model0_checked_Repair_11_0.pdb
INFO:root:removing /net/pupil2/home/projects/22117_proteins_2025/projects/Group9_project/Jess3/C506/mutations/5P9I_No_model0_checked_Repair/CA506/WT_5P9I_No_model0_checked_Repair_19_4.pdb
INFO:root:removing /net/pupil2/home/projects/22117_proteins_2025/projects/Group9_project/Jess3/C506/mutations/5P9I_No_model0_checked_Repair/CA506/WT_5P9I_No_model0_checked_Repair_11_3.pdb
INFO:root:removing /net/pupil2/home/projects/22117_proteins_2025/projects/Group9_project/Jess3/C506/mutations/5P9I_No_model0_checked_Repair/CA506/WT_5P9I_No_model0_checked_Repair_20_0.pdb
INFO:root:removing /net/pupil2/home/projects/22117_proteins_2025/projects/Group9_project/Jess3/C506/mutations/5P9I_No_model0_checked_Repair/CA506/5P9I_No_model0_checked_Repair_7_3.pdb
INFO:root:removing /net/pupil2/home/projects/22117_proteins_2025/projects/Group9_project/Jess3/C506/mutations/5P9I_No_model0_checked_Repair/CA506/5P9I_No_model0_checked_Repair_17_3.pdb
INFO:root:removing /net/pupil2/home/projects/22117_proteins_2025/projects/Group9_project/Jess3/C506/mutations/5P9I_No_model0_checked_Repair/CA506/WT_5P9I_No_model0_checked_Repair_10_2.pdb
INFO:root:removing /net/pupil2/home/projects/22117_proteins_2025/projects/Group9_project/Jess3/C506/mutations/5P9I_No_model0_checked_Repair/CA506/WT_5P9I_No_model0_checked_Repair_5_1.pdb
INFO:root:removing /net/pupil2/home/projects/22117_proteins_2025/projects/Group9_project/Jess3/C506/mutations/5P9I_No_model0_checked_Repair/CA506/5P9I_No_model0_checked_Repair_5_0.pdb
INFO:root:removing /net/pupil2/home/projects/22117_proteins_2025/projects/Group9_project/Jess3/C506/mutations/5P9I_No_model0_checked_Repair/CA506/5P9I_No_model0_checked_Repair_9_4.pdb
INFO:root:removing /net/pupil2/home/projects/22117_proteins_2025/projects/Group9_project/Jess3/C506/mutations/5P9I_No_model0_checked_Repair/CA506/5P9I_No_model0_checked_Repair_7_1.pdb
INFO:root:removing /net/pupil2/home/projects/22117_proteins_2025/projects/Group9_project/Jess3/C506/mutations/5P9I_No_model0_checked_Repair/CA506/runfile.txt
INFO:root:removing /net/pupil2/home/projects/22117_proteins_2025/projects/Group9_project/Jess3/C506/mutations/5P9I_No_model0_checked_Repair/CA506/WT_5P9I_No_model0_checked_Repair_3_4.pdb
INFO:root:removing /net/pupil2/home/projects/22117_proteins_2025/projects/Group9_project/Jess3/C506/mutations/5P9I_No_model0_checked_Repair/CA506/WT_5P9I_No_model0_checked_Repair_6_3.pdb
INFO:root:removing /net/pupil2/home/projects/22117_proteins_2025/projects/Group9_project/Jess3/C506/mutations/5P9I_No_model0_checked_Repair/CA506/5P9I_No_model0_checked_Repair_19_0.pdb
INFO:root:removing /net/pupil2/home/projects/22117_proteins_2025/projects/Group9_project/Jess3/C506/mutations/5P9I_No_model0_checked_Repair/CA506/WT_5P9I_No_model0_checked_Repair_18_3.pdb
INFO:root:removing /net/pupil2/home/projects/22117_proteins_2025/projects/Group9_project/Jess3/C506/mutations/5P9I_No_model0_checked_Repair/CA506/WT_5P9I_No_model0_checked_Repair_6_1.pdb
INFO:root:removing /net/pupil2/home/projects/22117_proteins_2025/projects/Group9_project/Jess3/C506/mutations/5P9I_No_model0_checked_Repair/CA506/5P9I_No_model0_checked_Repair_8_4.pdb
INFO:root:removing /net/pupil2/home/projects/22117_proteins_2025/projects/Group9_project/Jess3/C506/mutations/5P9I_No_model0_checked_Repair/CA506/5P9I_No_model0_checked_Repair_1_0.pdb
INFO:root:removing /net/pupil2/home/projects/22117_proteins_2025/projects/Group9_project/Jess3/C506/mutations/5P9I_No_model0_checked_Repair/CA506/5P9I_No_model0_checked_Repair_15_2.pdb
INFO:root:removing /net/pupil2/home/projects/22117_proteins_2025/projects/Group9_project/Jess3/C506/mutations/5P9I_No_model0_checked_Repair/CA506/WT_5P9I_No_model0_checked_Repair_4_4.pdb
INFO:root:removing /net/pupil2/home/projects/22117_proteins_2025/projects/Group9_project/Jess3/C506/mutations/5P9I_No_model0_checked_Repair/CA506/5P9I_No_model0_checked_Repair_2_4.pdb
INFO:root:removing /net/pupil2/home/projects/22117_proteins_2025/projects/Group9_project/Jess3/C506/mutations/5P9I_No_model0_checked_Repair/CA506/5P9I_No_model0_checked_Repair_17_1.pdb
INFO:root:removing /net/pupil2/home/projects/22117_proteins_2025/projects/Group9_project/Jess3/C506/mutations/5P9I_No_model0_checked_Repair/CA506/WT_5P9I_No_model0_checked_Repair_13_0.pdb
INFO:root:removing /net/pupil2/home/projects/22117_proteins_2025/projects/Group9_project/Jess3/C506/mutations/5P9I_No_model0_checked_Repair/CA506/WT_5P9I_No_model0_checked_Repair_16_2.pdb
INFO:root:removing /net/pupil2/home/projects/22117_proteins_2025/projects/Group9_project/Jess3/C506/mutations/5P9I_No_model0_checked_Repair/CA506/5P9I_No_model0_checked_Repair_19_4.pdb
INFO:root:removing /net/pupil2/home/projects/22117_proteins_2025/projects/Group9_project/Jess3/C506/mutations/5P9I_No_model0_checked_Repair/CA506/5P9I_No_model0_checked_Repair_17_4.pdb
INFO:root:removing /net/pupil2/home/projects/22117_proteins_2025/projects/Group9_project/Jess3/C506/mutations/5P9I_No_model0_checked_Repair/CA506/WT_5P9I_No_model0_checked_Repair_15_3.pdb
INFO:root:removing /net/pupil2/home/projects/22117_proteins_2025/projects/Group9_project/Jess3/C506/mutations/5P9I_No_model0_checked_Repair/CA506/5P9I_No_model0_checked_Repair_13_4.pdb
INFO:root:removing /net/pupil2/home/projects/22117_proteins_2025/projects/Group9_project/Jess3/C506/mutations/5P9I_No_model0_checked_Repair/CA506/5P9I_No_model0_checked_Repair_20_4.pdb
INFO:root:removing /net/pupil2/home/projects/22117_proteins_2025/projects/Group9_project/Jess3/C506/mutations/5P9I_No_model0_checked_Repair/CA506/5P9I_No_model0_checked_Repair_2_1.pdb
INFO:root:removing /net/pupil2/home/projects/22117_proteins_2025/projects/Group9_project/Jess3/C506/mutations/5P9I_No_model0_checked_Repair/CA506/WT_5P9I_No_model0_checked_Repair_13_4.pdb
INFO:root:removing /net/pupil2/home/projects/22117_proteins_2025/projects/Group9_project/Jess3/C506/mutations/5P9I_No_model0_checked_Repair/CA506/WT_5P9I_No_model0_checked_Repair_16_4.pdb
INFO:root:removing /net/pupil2/home/projects/22117_proteins_2025/projects/Group9_project/Jess3/C506/mutations/5P9I_No_model0_checked_Repair/CA506/WT_5P9I_No_model0_checked_Repair_7_4.pdb
INFO:root:removing /net/pupil2/home/projects/22117_proteins_2025/projects/Group9_project/Jess3/C506/mutations/5P9I_No_model0_checked_Repair/CA506/5P9I_No_model0_checked_Repair_6_0.pdb
INFO:root:removing /net/pupil2/home/projects/22117_proteins_2025/projects/Group9_project/Jess3/C506/mutations/5P9I_No_model0_checked_Repair/CA506/WT_5P9I_No_model0_checked_Repair_15_0.pdb
INFO:root:removing /net/pupil2/home/projects/22117_proteins_2025/projects/Group9_project/Jess3/C506/mutations/5P9I_No_model0_checked_Repair/CA506/5P9I_No_model0_checked_Repair_9_1.pdb
INFO:root:removing /net/pupil2/home/projects/22117_proteins_2025/projects/Group9_project/Jess3/C506/mutations/5P9I_No_model0_checked_Repair/CA506/WT_5P9I_No_model0_checked_Repair_2_2.pdb
INFO:root:removing /net/pupil2/home/projects/22117_proteins_2025/projects/Group9_project/Jess3/C506/mutations/5P9I_No_model0_checked_Repair/CA506/WT_5P9I_No_model0_checked_Repair_5_0.pdb
INFO:root:removing /net/pupil2/home/projects/22117_proteins_2025/projects/Group9_project/Jess3/C506/mutations/5P9I_No_model0_checked_Repair/CA506/WT_5P9I_No_model0_checked_Repair_19_2.pdb
INFO:root:removing /net/pupil2/home/projects/22117_proteins_2025/projects/Group9_project/Jess3/C506/mutations/5P9I_No_model0_checked_Repair/CA506/5P9I_No_model0_checked_Repair_8_3.pdb
INFO:root:removing /net/pupil2/home/projects/22117_proteins_2025/projects/Group9_project/Jess3/C506/mutations/5P9I_No_model0_checked_Repair/CA506/5P9I_No_model0_checked_Repair_7_4.pdb
INFO:root:removing /net/pupil2/home/projects/22117_proteins_2025/projects/Group9_project/Jess3/C506/mutations/5P9I_No_model0_checked_Repair/CA506/WT_5P9I_No_model0_checked_Repair_2_3.pdb
INFO:root:removing /net/pupil2/home/projects/22117_proteins_2025/projects/Group9_project/Jess3/C506/mutations/5P9I_No_model0_checked_Repair/CA506/WT_5P9I_No_model0_checked_Repair_16_0.pdb
INFO:root:removing /net/pupil2/home/projects/22117_proteins_2025/projects/Group9_project/Jess3/C506/mutations/5P9I_No_model0_checked_Repair/CA506/WT_5P9I_No_model0_checked_Repair_15_2.pdb
INFO:root:removing /net/pupil2/home/projects/22117_proteins_2025/projects/Group9_project/Jess3/C506/mutations/5P9I_No_model0_checked_Repair/CA506/5P9I_No_model0_checked_Repair_4_3.pdb
INFO:root:removing /net/pupil2/home/projects/22117_proteins_2025/projects/Group9_project/Jess3/C506/mutations/5P9I_No_model0_checked_Repair/CA506/5P9I_No_model0_checked_Repair_20_0.pdb
INFO:root:removing /net/pupil2/home/projects/22117_proteins_2025/projects/Group9_project/Jess3/C506/mutations/5P9I_No_model0_checked_Repair/CA506/5P9I_No_model0_checked_Repair_8_1.pdb
INFO:root:removing /net/pupil2/home/projects/22117_proteins_2025/projects/Group9_project/Jess3/C506/mutations/5P9I_No_model0_checked_Repair/CA506/5P9I_No_model0_checked_Repair_16_3.pdb
INFO:root:removing /net/pupil2/home/projects/22117_proteins_2025/projects/Group9_project/Jess3/C506/mutations/5P9I_No_model0_checked_Repair/CA506/5P9I_No_model0_checked_Repair_20_3.pdb
INFO:root:removing /net/pupil2/home/projects/22117_proteins_2025/projects/Group9_project/Jess3/C506/mutations/5P9I_No_model0_checked_Repair/CA506/WT_5P9I_No_model0_checked_Repair_14_2.pdb
INFO:root:removing /net/pupil2/home/projects/22117_proteins_2025/projects/Group9_project/Jess3/C506/mutations/5P9I_No_model0_checked_Repair/CA506/5P9I_No_model0_checked_Repair_17_0.pdb
INFO:root:removing /net/pupil2/home/projects/22117_proteins_2025/projects/Group9_project/Jess3/C506/mutations/5P9I_No_model0_checked_Repair/CA506/5P9I_No_model0_checked_Repair_3_3.pdb
INFO:root:removing /net/pupil2/home/projects/22117_proteins_2025/projects/Group9_project/Jess3/C506/mutations/5P9I_No_model0_checked_Repair/CA506/5P9I_No_model0_checked_Repair_18_2.pdb
INFO:root:removing /net/pupil2/home/projects/22117_proteins_2025/projects/Group9_project/Jess3/C506/mutations/5P9I_No_model0_checked_Repair/CA506/WT_5P9I_No_model0_checked_Repair_15_4.pdb
INFO:root:removing /net/pupil2/home/projects/22117_proteins_2025/projects/Group9_project/Jess3/C506/mutations/5P9I_No_model0_checked_Repair/CA506/5P9I_No_model0_checked_Repair_15_1.pdb
INFO:root:removing /net/pupil2/home/projects/22117_proteins_2025/projects/Group9_project/Jess3/C506/mutations/5P9I_No_model0_checked_Repair/CA506/WT_5P9I_No_model0_checked_Repair_20_1.pdb
INFO:root:removing /net/pupil2/home/projects/22117_proteins_2025/projects/Group9_project/Jess3/C506/mutations/5P9I_No_model0_checked_Repair/CA506/WT_5P9I_No_model0_checked_Repair_11_4.pdb
INFO:root:removing /net/pupil2/home/projects/22117_proteins_2025/projects/Group9_project/Jess3/C506/mutations/5P9I_No_model0_checked_Repair/CA506/5P9I_No_model0_checked_Repair_14_3.pdb
INFO:root:removing /net/pupil2/home/projects/22117_proteins_2025/projects/Group9_project/Jess3/C506/mutations/5P9I_No_model0_checked_Repair/CA506/WT_5P9I_No_model0_checked_Repair_14_0.pdb
INFO:root:removing /net/pupil2/home/projects/22117_proteins_2025/projects/Group9_project/Jess3/C506/mutations/5P9I_No_model0_checked_Repair/CA506/WT_5P9I_No_model0_checked_Repair_8_4.pdb
INFO:root:removing /net/pupil2/home/projects/22117_proteins_2025/projects/Group9_project/Jess3/C506/mutations/5P9I_No_model0_checked_Repair/CA506/WT_5P9I_No_model0_checked_Repair_1_4.pdb
INFO:root:removing /net/pupil2/home/projects/22117_proteins_2025/projects/Group9_project/Jess3/C506/mutations/5P9I_No_model0_checked_Repair/CA506/5P9I_No_model0_checked_Repair_10_0.pdb
INFO:root:removing /net/pupil2/home/projects/22117_proteins_2025/projects/Group9_project/Jess3/C506/mutations/5P9I_No_model0_checked_Repair/CA506/WT_5P9I_No_model0_checked_Repair_9_4.pdb
INFO:root:removing /net/pupil2/home/projects/22117_proteins_2025/projects/Group9_project/Jess3/C506/mutations/5P9I_No_model0_checked_Repair/CA506/5P9I_No_model0_checked_Repair_3_2.pdb
INFO:root:removing /net/pupil2/home/projects/22117_proteins_2025/projects/Group9_project/Jess3/C506/mutations/5P9I_No_model0_checked_Repair/CA506/5P9I_No_model0_checked_Repair_1_1.pdb
INFO:root:removing /net/pupil2/home/projects/22117_proteins_2025/projects/Group9_project/Jess3/C506/mutations/5P9I_No_model0_checked_Repair/CA506/WT_5P9I_No_model0_checked_Repair_11_1.pdb
INFO:root:removing /net/pupil2/home/projects/22117_proteins_2025/projects/Group9_project/Jess3/C506/mutations/5P9I_No_model0_checked_Repair/CA506/WT_5P9I_No_model0_checked_Repair_6_2.pdb
INFO:root:removing /net/pupil2/home/projects/22117_proteins_2025/projects/Group9_project/Jess3/C506/mutations/5P9I_No_model0_checked_Repair/CA506/WT_5P9I_No_model0_checked_Repair_13_2.pdb
INFO:root:removing /net/pupil2/home/projects/22117_proteins_2025/projects/Group9_project/Jess3/C506/mutations/5P9I_No_model0_checked_Repair/CA506/WT_5P9I_No_model0_checked_Repair_18_1.pdb
INFO:root:removing /net/pupil2/home/projects/22117_proteins_2025/projects/Group9_project/Jess3/C506/mutations/5P9I_No_model0_checked_Repair/CA506/WT_5P9I_No_model0_checked_Repair_12_0.pdb
INFO:root:removing /net/pupil2/home/projects/22117_proteins_2025/projects/Group9_project/Jess3/C506/mutations/5P9I_No_model0_checked_Repair/CA506/5P9I_No_model0_checked_Repair_9_3.pdb
INFO:root:removing /net/pupil2/home/projects/22117_proteins_2025/projects/Group9_project/Jess3/C506/mutations/5P9I_No_model0_checked_Repair/CA506/5P9I_No_model0_checked_Repair_5_2.pdb
INFO:root:removing /net/pupil2/home/projects/22117_proteins_2025/projects/Group9_project/Jess3/C506/mutations/5P9I_No_model0_checked_Repair/CA506/5P9I_No_model0_checked_Repair_11_2.pdb
INFO:root:removing /net/pupil2/home/projects/22117_proteins_2025/projects/Group9_project/Jess3/C506/mutations/5P9I_No_model0_checked_Repair/CA506/5P9I_No_model0_checked_Repair.pdb
INFO:root:removing /net/pupil2/home/projects/22117_proteins_2025/projects/Group9_project/Jess3/C506/mutations/5P9I_No_model0_checked_Repair/CA506/WT_5P9I_No_model0_checked_Repair_1_2.pdb
INFO:root:removing /net/pupil2/home/projects/22117_proteins_2025/projects/Group9_project/Jess3/C506/mutations/5P9I_No_model0_checked_Repair/CA506/WT_5P9I_No_model0_checked_Repair_10_0.pdb
INFO:root:removing /net/pupil2/home/projects/22117_proteins_2025/projects/Group9_project/Jess3/C506/mutations/5P9I_No_model0_checked_Repair/CA506/5P9I_No_model0_checked_Repair_1_2.pdb
INFO:root:removing /net/pupil2/home/projects/22117_proteins_2025/projects/Group9_project/Jess3/C506/mutations/5P9I_No_model0_checked_Repair/CA506/5P9I_No_model0_checked_Repair_10_3.pdb
INFO:root:removing /net/pupil2/home/projects/22117_proteins_2025/projects/Group9_project/Jess3/C506/mutations/5P9I_No_model0_checked_Repair/CA506/WT_5P9I_No_model0_checked_Repair_4_0.pdb
INFO:root:removing /net/pupil2/home/projects/22117_proteins_2025/projects/Group9_project/Jess3/C506/mutations/5P9I_No_model0_checked_Repair/CA506/5P9I_No_model0_checked_Repair_10_4.pdb
INFO:root:removing /net/pupil2/home/projects/22117_proteins_2025/projects/Group9_project/Jess3/C506/mutations/5P9I_No_model0_checked_Repair/CA506/WT_5P9I_No_model0_checked_Repair_18_4.pdb
INFO:root:removing /net/pupil2/home/projects/22117_proteins_2025/projects/Group9_project/Jess3/C506/mutations/5P9I_No_model0_checked_Repair/CA506/WT_5P9I_No_model0_checked_Repair_14_3.pdb
INFO:root:removing /net/pupil2/home/projects/22117_proteins_2025/projects/Group9_project/Jess3/C506/mutations/5P9I_No_model0_checked_Repair/CA506/WT_5P9I_No_model0_checked_Repair_10_4.pdb
INFO:root:removing /net/pupil2/home/projects/22117_proteins_2025/projects/Group9_project/Jess3/C506/mutations/5P9I_No_model0_checked_Repair/CA506/WT_5P9I_No_model0_checked_Repair_12_1.pdb
INFO:root:removing /net/pupil2/home/projects/22117_proteins_2025/projects/Group9_project/Jess3/C506/mutations/5P9I_No_model0_checked_Repair/CA506/5P9I_No_model0_checked_Repair_1_4.pdb
INFO:root:removing /net/pupil2/home/projects/22117_proteins_2025/projects/Group9_project/Jess3/C506/mutations/5P9I_No_model0_checked_Repair/CA506/5P9I_No_model0_checked_Repair_12_3.pdb
INFO:root:removing /net/pupil2/home/projects/22117_proteins_2025/projects/Group9_project/Jess3/C506/mutations/5P9I_No_model0_checked_Repair/CA506/WT_5P9I_No_model0_checked_Repair_18_0.pdb
INFO:root:removing /net/pupil2/home/projects/22117_proteins_2025/projects/Group9_project/Jess3/C506/mutations/5P9I_No_model0_checked_Repair/CA506/WT_5P9I_No_model0_checked_Repair_3_1.pdb
INFO:root:removing /net/pupil2/home/projects/22117_proteins_2025/projects/Group9_project/Jess3/C506/mutations/5P9I_No_model0_checked_Repair/CA506/5P9I_No_model0_checked_Repair_14_0.pdb
INFO:root:removing /net/pupil2/home/projects/22117_proteins_2025/projects/Group9_project/Jess3/C506/mutations/5P9I_No_model0_checked_Repair/CA506/5P9I_No_model0_checked_Repair_19_1.pdb
INFO:root:removing /net/pupil2/home/projects/22117_proteins_2025/projects/Group9_project/Jess3/C506/mutations/5P9I_No_model0_checked_Repair/CA506/WT_5P9I_No_model0_checked_Repair_8_2.pdb
INFO:root:removing /net/pupil2/home/projects/22117_proteins_2025/projects/Group9_project/Jess3/C506/mutations/5P9I_No_model0_checked_Repair/CA506/WT_5P9I_No_model0_checked_Repair_9_3.pdb
INFO:root:removing /net/pupil2/home/projects/22117_proteins_2025/projects/Group9_project/Jess3/C506/mutations/5P9I_No_model0_checked_Repair/CA506/WT_5P9I_No_model0_checked_Repair_6_0.pdb
INFO:root:removing /net/pupil2/home/projects/22117_proteins_2025/projects/Group9_project/Jess3/C506/mutations/5P9I_No_model0_checked_Repair/CA506/5P9I_No_model0_checked_Repair_14_2.pdb
INFO:root:removing /net/pupil2/home/projects/22117_proteins_2025/projects/Group9_project/Jess3/C506/mutations/5P9I_No_model0_checked_Repair/CA506/5P9I_No_model0_checked_Repair_2_3.pdb
INFO:root:removing /net/pupil2/home/projects/22117_proteins_2025/projects/Group9_project/Jess3/C506/mutations/5P9I_No_model0_checked_Repair/CA506/5P9I_No_model0_checked_Repair_3_4.pdb
INFO:root:removing /net/pupil2/home/projects/22117_proteins_2025/projects/Group9_project/Jess3/C506/mutations/5P9I_No_model0_checked_Repair/CA506/WT_5P9I_No_model0_checked_Repair_4_1.pdb
INFO:root:removing /net/pupil2/home/projects/22117_proteins_2025/projects/Group9_project/Jess3/C506/mutations/5P9I_No_model0_checked_Repair/CA506/WT_5P9I_No_model0_checked_Repair_16_1.pdb
INFO:root:removing /net/pupil2/home/projects/22117_proteins_2025/projects/Group9_project/Jess3/C506/mutations/5P9I_No_model0_checked_Repair/CA506/5P9I_No_model0_checked_Repair_6_1.pdb
INFO:root:removing /net/pupil2/home/projects/22117_proteins_2025/projects/Group9_project/Jess3/C506/mutations/5P9I_No_model0_checked_Repair/CA506/individual_list.txt
INFO:root:removing /net/pupil2/home/projects/22117_proteins_2025/projects/Group9_project/Jess3/C506/mutations/5P9I_No_model0_checked_Repair/CA506/5P9I_No_model0_checked_Repair_11_3.pdb
INFO:root:removing /net/pupil2/home/projects/22117_proteins_2025/projects/Group9_project/Jess3/C506/mutations/5P9I_No_model0_checked_Repair/CA506/5P9I_No_model0_checked_Repair_8_0.pdb
INFO:root:removing /net/pupil2/home/projects/22117_proteins_2025/projects/Group9_project/Jess3/C506/mutations/5P9I_No_model0_checked_Repair/CA506/WT_5P9I_No_model0_checked_Repair_12_4.pdb
INFO:root:removing /net/pupil2/home/projects/22117_proteins_2025/projects/Group9_project/Jess3/C506/mutations/5P9I_No_model0_checked_Repair/CA506/5P9I_No_model0_checked_Repair_1_3.pdb
INFO:root:removing /net/pupil2/home/projects/22117_proteins_2025/projects/Group9_project/Jess3/C506/mutations/5P9I_No_model0_checked_Repair/CA506/5P9I_No_model0_checked_Repair_10_2.pdb
INFO:root:removing /net/pupil2/home/projects/22117_proteins_2025/projects/Group9_project/Jess3/C506/mutations/5P9I_No_model0_checked_Repair/CA506/WT_5P9I_No_model0_checked_Repair_2_0.pdb
INFO:root:removing /net/pupil2/home/projects/22117_proteins_2025/projects/Group9_project/Jess3/C506/mutations/5P9I_No_model0_checked_Repair/CA506/WT_5P9I_No_model0_checked_Repair_17_2.pdb
INFO:root:removing /net/pupil2/home/projects/22117_proteins_2025/projects/Group9_project/Jess3/C506/mutations/5P9I_No_model0_checked_Repair/CA506/5P9I_No_model0_checked_Repair_12_1.pdb
INFO:root:removing /net/pupil2/home/projects/22117_proteins_2025/projects/Group9_project/Jess3/C506/mutations/5P9I_No_model0_checked_Repair/CA506/5P9I_No_model0_checked_Repair_15_4.pdb
INFO:root:removing /net/pupil2/home/projects/22117_proteins_2025/projects/Group9_project/Jess3/C506/mutations/5P9I_No_model0_checked_Repair/CA506/WT_5P9I_No_model0_checked_Repair_1_3.pdb
INFO:root:removing /net/pupil2/home/projects/22117_proteins_2025/projects/Group9_project/Jess3/C506/mutations/5P9I_No_model0_checked_Repair/CA506/5P9I_No_model0_checked_Repair_11_0.pdb
INFO:root:removing /net/pupil2/home/projects/22117_proteins_2025/projects/Group9_project/Jess3/C506/mutations/5P9I_No_model0_checked_Repair/CA506/5P9I_No_model0_checked_Repair_19_3.pdb
INFO:root:removing /net/pupil2/home/projects/22117_proteins_2025/projects/Group9_project/Jess3/C506/mutations/5P9I_No_model0_checked_Repair/CA506/WT_5P9I_No_model0_checked_Repair_5_3.pdb
INFO:root:removing /net/pupil2/home/projects/22117_proteins_2025/projects/Group9_project/Jess3/C506/mutations/5P9I_No_model0_checked_Repair/CA506/WT_5P9I_No_model0_checked_Repair_19_3.pdb
INFO:root:removing /net/pupil2/home/projects/22117_proteins_2025/projects/Group9_project/Jess3/C506/mutations/5P9I_No_model0_checked_Repair/CA506/WT_5P9I_No_model0_checked_Repair_7_2.pdb
INFO:root:removing /net/pupil2/home/projects/22117_proteins_2025/projects/Group9_project/Jess3/C506/mutations/5P9I_No_model0_checked_Repair/CA506/5P9I_No_model0_checked_Repair_6_3.pdb
INFO:root:removing /net/pupil2/home/projects/22117_proteins_2025/projects/Group9_project/Jess3/C506/mutations/5P9I_No_model0_checked_Repair/CA506/5P9I_No_model0_checked_Repair_2_2.pdb
INFO:root:removing /net/pupil2/home/projects/22117_proteins_2025/projects/Group9_project/Jess3/C506/mutations/5P9I_No_model0_checked_Repair/CA506/5P9I_No_model0_checked_Repair_16_4.pdb
INFO:root:removing /net/pupil2/home/projects/22117_proteins_2025/projects/Group9_project/Jess3/C506/mutations/5P9I_No_model0_checked_Repair/CA506/WT_5P9I_No_model0_checked_Repair_17_0.pdb
INFO:root:removing /net/pupil2/home/projects/22117_proteins_2025/projects/Group9_project/Jess3/C506/mutations/5P9I_No_model0_checked_Repair/CA506/WT_5P9I_No_model0_checked_Repair_11_2.pdb
INFO:root:removing /net/pupil2/home/projects/22117_proteins_2025/projects/Group9_project/Jess3/C506/mutations/5P9I_No_model0_checked_Repair/CA506/5P9I_No_model0_checked_Repair_12_4.pdb
INFO:root:removing /net/pupil2/home/projects/22117_proteins_2025/projects/Group9_project/Jess3/C506/mutations/5P9I_No_model0_checked_Repair/CA506/5P9I_No_model0_checked_Repair_9_2.pdb
INFO:root:removing /net/pupil2/home/projects/22117_proteins_2025/projects/Group9_project/Jess3/C506/mutations/5P9I_No_model0_checked_Repair/CA506/WT_5P9I_No_model0_checked_Repair_12_3.pdb
INFO:root:removing /net/pupil2/home/projects/22117_proteins_2025/projects/Group9_project/Jess3/C506/mutations/5P9I_No_model0_checked_Repair/CA506/WT_5P9I_No_model0_checked_Repair_20_4.pdb
INFO:root:removing /net/pupil2/home/projects/22117_proteins_2025/projects/Group9_project/Jess3/C506/mutations/5P9I_No_model0_checked_Repair/CA506/WT_5P9I_No_model0_checked_Repair_15_1.pdb
INFO:root:removing /net/pupil2/home/projects/22117_proteins_2025/projects/Group9_project/Jess3/C506/mutations/5P9I_No_model0_checked_Repair/CA506/WT_5P9I_No_model0_checked_Repair_8_1.pdb
INFO:root:removing /net/pupil2/home/projects/22117_proteins_2025/projects/Group9_project/Jess3/C506/mutations/5P9I_No_model0_checked_Repair/CA506/5P9I_No_model0_checked_Repair_6_4.pdb
INFO:root:removing /net/pupil2/home/projects/22117_proteins_2025/projects/Group9_project/Jess3/C506/mutations/5P9I_No_model0_checked_Repair/CA506/5P9I_No_model0_checked_Repair_19_2.pdb
INFO:root:removing /net/pupil2/home/projects/22117_proteins_2025/projects/Group9_project/Jess3/C506/mutations/5P9I_No_model0_checked_Repair/CA506/WT_5P9I_No_model0_checked_Repair_9_1.pdb
INFO:root:removing /net/pupil2/home/projects/22117_proteins_2025/projects/Group9_project/Jess3/C506/mutations/5P9I_No_model0_checked_Repair/CA506/WT_5P9I_No_model0_checked_Repair_2_4.pdb
INFO:root:removing /net/pupil2/home/projects/22117_proteins_2025/projects/Group9_project/Jess3/C506/mutations/5P9I_No_model0_checked_Repair/CA506/5P9I_No_model0_checked_Repair_14_1.pdb
INFO:root:removing /net/pupil2/home/projects/22117_proteins_2025/projects/Group9_project/Jess3/C506/mutations/5P9I_No_model0_checked_Repair/CA506/5P9I_No_model0_checked_Repair_15_3.pdb
INFO:root:removing /net/pupil2/home/projects/22117_proteins_2025/projects/Group9_project/Jess3/C506/mutations/5P9I_No_model0_checked_Repair/CA506/WT_5P9I_No_model0_checked_Repair_14_4.pdb
INFO:root:removing /net/pupil2/home/projects/22117_proteins_2025/projects/Group9_project/Jess3/C506/mutations/5P9I_No_model0_checked_Repair/CA506/5P9I_No_model0_checked_Repair_13_2.pdb
INFO:root:removing /net/pupil2/home/projects/22117_proteins_2025/projects/Group9_project/Jess3/C506/mutations/5P9I_No_model0_checked_Repair/CA506/WT_5P9I_No_model0_checked_Repair_20_2.pdb
INFO:root:removing /net/pupil2/home/projects/22117_proteins_2025/projects/Group9_project/Jess3/C506/mutations/5P9I_No_model0_checked_Repair/CA506/WT_5P9I_No_model0_checked_Repair_8_3.pdb
INFO:root:removing /net/pupil2/home/projects/22117_proteins_2025/projects/Group9_project/Jess3/C506/mutations/5P9I_No_model0_checked_Repair/CA506/5P9I_No_model0_checked_Repair_9_0.pdb
INFO:root:removing /net/pupil2/home/projects/22117_proteins_2025/projects/Group9_project/Jess3/C506/mutations/5P9I_No_model0_checked_Repair/CA506/5P9I_No_model0_checked_Repair_16_1.pdb
INFO:root:removing /net/pupil2/home/projects/22117_proteins_2025/projects/Group9_project/Jess3/C506/mutations/5P9I_No_model0_checked_Repair/CA506/5P9I_No_model0_checked_Repair_5_1.pdb
INFO:root:removing /net/pupil2/home/projects/22117_proteins_2025/projects/Group9_project/Jess3/C506/mutations/5P9I_No_model0_checked_Repair/CA506/WT_5P9I_No_model0_checked_Repair_1_1.pdb
INFO:root:removing /net/pupil2/home/projects/22117_proteins_2025/projects/Group9_project/Jess3/C506/mutations/5P9I_No_model0_checked_Repair/CA506/5P9I_No_model0_checked_Repair_5_3.pdb
INFO:root:removing /net/pupil2/home/projects/22117_proteins_2025/projects/Group9_project/Jess3/C506/mutations/5P9I_No_model0_checked_Repair/CA506/5P9I_No_model0_checked_Repair_12_0.pdb
INFO:root:removing /net/pupil2/home/projects/22117_proteins_2025/projects/Group9_project/Jess3/C506/mutations/5P9I_No_model0_checked_Repair/CA506/WT_5P9I_No_model0_checked_Repair_14_1.pdb
INFO:root:removing /net/pupil2/home/projects/22117_proteins_2025/projects/Group9_project/Jess3/C506/mutations/5P9I_No_model0_checked_Repair/CA506/5P9I_No_model0_checked_Repair_16_0.pdb
INFO:root:removing /net/pupil2/home/projects/22117_proteins_2025/projects/Group9_project/Jess3/C506/mutations/5P9I_No_model0_checked_Repair/CA506/5P9I_No_model0_checked_Repair_13_1.pdb
INFO:root:removing /net/pupil2/home/projects/22117_proteins_2025/projects/Group9_project/Jess3/C506/mutations/5P9I_No_model0_checked_Repair/CA506/WT_5P9I_No_model0_checked_Repair_6_4.pdb
INFO:root:removing /net/pupil2/home/projects/22117_proteins_2025/projects/Group9_project/Jess3/C506/mutations/5P9I_No_model0_checked_Repair/CA506/WT_5P9I_No_model0_checked_Repair_3_2.pdb
INFO:root:removing /net/pupil2/home/projects/22117_proteins_2025/projects/Group9_project/Jess3/C506/mutations/5P9I_No_model0_checked_Repair/CA506/WT_5P9I_No_model0_checked_Repair_17_4.pdb
INFO:root:removing /net/pupil2/home/projects/22117_proteins_2025/projects/Group9_project/Jess3/C506/mutations/5P9I_No_model0_checked_Repair/CA506/WT_5P9I_No_model0_checked_Repair_5_2.pdb
INFO:root:removing /net/pupil2/home/projects/22117_proteins_2025/projects/Group9_project/Jess3/C506/mutations/5P9I_No_model0_checked_Repair/CA506/5P9I_No_model0_checked_Repair_11_4.pdb
INFO:root:removing /net/pupil2/home/projects/22117_proteins_2025/projects/Group9_project/Jess3/C506/mutations/5P9I_No_model0_checked_Repair/CA506/WT_5P9I_No_model0_checked_Repair_9_2.pdb
INFO:root:removing /net/pupil2/home/projects/22117_proteins_2025/projects/Group9_project/Jess3/C506/mutations/5P9I_No_model0_checked_Repair/CA506/WT_5P9I_No_model0_checked_Repair_13_3.pdb
INFO:root:removing /net/pupil2/home/projects/22117_proteins_2025/projects/Group9_project/Jess3/C506/mutations/5P9I_No_model0_checked_Repair/CA506/WT_5P9I_No_model0_checked_Repair_7_3.pdb
INFO:root:removing /net/pupil2/home/projects/22117_proteins_2025/projects/Group9_project/Jess3/C506/mutations/5P9I_No_model0_checked_Repair/CA506/5P9I_No_model0_checked_Repair_14_4.pdb
INFO:root:removing /net/pupil2/home/projects/22117_proteins_2025/projects/Group9_project/Jess3/C506/mutations/5P9I_No_model0_checked_Repair/CA506/WT_5P9I_No_model0_checked_Repair_19_0.pdb
INFO:root:removing /net/pupil2/home/projects/22117_proteins_2025/projects/Group9_project/Jess3/C506/mutations/5P9I_No_model0_checked_Repair/CA506/WT_5P9I_No_model0_checked_Repair_9_0.pdb
INFO:root:removing /net/pupil2/home/projects/22117_proteins_2025/projects/Group9_project/Jess3/C506/mutations/5P9I_No_model0_checked_Repair/CA506/5P9I_No_model0_checked_Repair_11_1.pdb
INFO:root:removing /net/pupil2/home/projects/22117_proteins_2025/projects/Group9_project/Jess3/C506/mutations/5P9I_No_model0_checked_Repair/CA506/5P9I_No_model0_checked_Repair_13_0.pdb
INFO:root:removing /net/pupil2/home/projects/22117_proteins_2025/projects/Group9_project/Jess3/C506/mutations/5P9I_No_model0_checked_Repair/CA506/5P9I_No_model0_checked_Repair_3_0.pdb
INFO:root:removing /net/pupil2/home/projects/22117_proteins_2025/projects/Group9_project/Jess3/C506/mutations/5P9I_No_model0_checked_Repair/CA506/5P9I_No_model0_checked_Repair_4_2.pdb
INFO:root:removing /net/pupil2/home/projects/22117_proteins_2025/projects/Group9_project/Jess3/C506/mutations/5P9I_No_model0_checked_Repair/CA506/WT_5P9I_No_model0_checked_Repair_4_2.pdb
INFO:root:removing /net/pupil2/home/projects/22117_proteins_2025/projects/Group9_project/Jess3/C506/mutations/5P9I_No_model0_checked_Repair/CA506/5P9I_No_model0_checked_Repair_8_2.pdb
INFO:root:Working directory is: /net/pupil2/home/projects/22117_proteins_2025/projects/Group9_project/Jess3/C506/mutations
INFO:root:Parsing file Dif_5P9I_No_model0_checked_Repair.fxout ...
INFO:root:All done!
